# JRE version: OpenJDK Runtime Environment (8.0_242-b01) (build 1.8.0_242-release-1644-b01)
# Java VM: OpenJDK 64-Bit Server VM (25.242-b01 mixed mode windows-amd64 compressed oops)
Heap:
 PSYoungGen      total 375296K, used 109684K [0x00000000d5580000, 0x00000000f3480000, 0x0000000100000000)
  eden space 348160K, 23% used [0x00000000d5580000,0x00000000da681060,0x00000000ea980000)
  from space 27136K, 98% used [0x00000000eb000000,0x00000000eca1c258,0x00000000eca80000)
  to   space 71168K, 0% used [0x00000000eef00000,0x00000000eef00000,0x00000000f3480000)
 ParOldGen       total 708608K, used 75274K [0x0000000080000000, 0x00000000ab400000, 0x00000000d5580000)
  object space 708608K, 10% used [0x0000000080000000,0x0000000084982970,0x00000000ab400000)
 Metaspace       used 109552K, capacity 119552K, committed 119832K, reserved 1153024K
  class space    used 14131K, capacity 15860K, committed 15920K, reserved 1048576K
GC Heap History (10 events):
Event: 6772.982 GC heap before
{Heap before GC invocations=29 (full 4):
 PSYoungGen      total 459264K, used 412075K [0x00000000d5580000, 0x00000000f7700000, 0x0000000100000000)
  eden space 382464K, 100% used [0x00000000d5580000,0x00000000ecb00000,0x00000000ecb00000)
  from space 76800K, 38% used [0x00000000f2c00000,0x00000000f48eaec0,0x00000000f7700000)
  to   space 88064K, 0% used [0x00000000ecb00000,0x00000000ecb00000,0x00000000f2100000)
 ParOldGen       total 708608K, used 75234K [0x0000000080000000, 0x00000000ab400000, 0x00000000d5580000)
  object space 708608K, 10% used [0x0000000080000000,0x0000000084978970,0x00000000ab400000)
 Metaspace       used 107575K, capacity 115652K, committed 115736K, reserved 1148928K
  class space    used 13843K, capacity 15332K, committed 15408K, reserved 1048576K
Event: 6772.995 GC heap after
Heap after GC invocations=29 (full 4):
 PSYoungGen      total 412160K, used 36557K [0x00000000d5580000, 0x00000000f6700000, 0x0000000100000000)
  eden space 375296K, 0% used [0x00000000d5580000,0x00000000d5580000,0x00000000ec400000)
  from space 36864K, 99% used [0x00000000ecb00000,0x00000000eeeb3408,0x00000000eef00000)
  to   space 83456K, 0% used [0x00000000f1580000,0x00000000f1580000,0x00000000f6700000)
 ParOldGen       total 708608K, used 75242K [0x0000000080000000, 0x00000000ab400000, 0x00000000d5580000)
  object space 708608K, 10% used [0x0000000080000000,0x000000008497a970,0x00000000ab400000)
 Metaspace       used 107575K, capacity 115652K, committed 115736K, reserved 1148928K
  class space    used 13843K, capacity 15332K, committed 15408K, reserved 1048576K
}
Event: 6789.733 GC heap before
{Heap before GC invocations=30 (full 4):
 PSYoungGen      total 412160K, used 411853K [0x00000000d5580000, 0x00000000f6700000, 0x0000000100000000)
  eden space 375296K, 100% used [0x00000000d5580000,0x00000000ec400000,0x00000000ec400000)
  from space 36864K, 99% used [0x00000000ecb00000,0x00000000eeeb3408,0x00000000eef00000)
  to   space 83456K, 0% used [0x00000000f1580000,0x00000000f1580000,0x00000000f6700000)
 ParOldGen       total 708608K, used 75242K [0x0000000080000000, 0x00000000ab400000, 0x00000000d5580000)
  object space 708608K, 10% used [0x0000000080000000,0x000000008497a970,0x00000000ab400000)
 Metaspace       used 107893K, capacity 116008K, committed 116248K, reserved 1150976K
  class space    used 13845K, capacity 15336K, committed 15408K, reserved 1048576K
Event: 6789.745 GC heap after
Heap after GC invocations=30 (full 4):
 PSYoungGen      total 435200K, used 36493K [0x00000000d5580000, 0x00000000f5700000, 0x0000000100000000)
  eden space 368128K, 0% used [0x00000000d5580000,0x00000000d5580000,0x00000000ebd00000)
  from space 67072K, 54% used [0x00000000f1580000,0x00000000f3923418,0x00000000f5700000)
  to   space 78848K, 0% used [0x00000000ebd00000,0x00000000ebd00000,0x00000000f0a00000)
 ParOldGen       total 708608K, used 75250K [0x0000000080000000, 0x00000000ab400000, 0x00000000d5580000)
  object space 708608K, 10% used [0x0000000080000000,0x000000008497c970,0x00000000ab400000)
 Metaspace       used 107893K, capacity 116008K, committed 116248K, reserved 1150976K
  class space    used 13845K, capacity 15336K, committed 15408K, reserved 1048576K
}
Event: 6807.454 GC heap before
{Heap before GC invocations=31 (full 4):
 PSYoungGen      total 435200K, used 404616K [0x00000000d5580000, 0x00000000f5700000, 0x0000000100000000)
  eden space 368128K, 99% used [0x00000000d5580000,0x00000000ebcfef48,0x00000000ebd00000)
  from space 67072K, 54% used [0x00000000f1580000,0x00000000f3923418,0x00000000f5700000)
  to   space 78848K, 0% used [0x00000000ebd00000,0x00000000ebd00000,0x00000000f0a00000)
 ParOldGen       total 708608K, used 75250K [0x0000000080000000, 0x00000000ab400000, 0x00000000d5580000)
  object space 708608K, 10% used [0x0000000080000000,0x000000008497c970,0x00000000ab400000)
 Metaspace       used 108070K, capacity 116124K, committed 116248K, reserved 1150976K
  class space    used 13851K, capacity 15344K, committed 15408K, reserved 1048576K
Event: 6807.464 GC heap after
Heap after GC invocations=31 (full 4):
 PSYoungGen      total 393216K, used 31452K [0x00000000d5580000, 0x00000000f4a80000, 0x0000000100000000)
  eden space 361472K, 0% used [0x00000000d5580000,0x00000000d5580000,0x00000000eb680000)
  from space 31744K, 99% used [0x00000000ebd00000,0x00000000edbb73e8,0x00000000edc00000)
  to   space 75776K, 0% used [0x00000000f0080000,0x00000000f0080000,0x00000000f4a80000)
 ParOldGen       total 708608K, used 75258K [0x0000000080000000, 0x00000000ab400000, 0x00000000d5580000)
  object space 708608K, 10% used [0x0000000080000000,0x000000008497e970,0x00000000ab400000)
 Metaspace       used 108070K, capacity 116124K, committed 116248K, reserved 1150976K
  class space    used 13851K, capacity 15344K, committed 15408K, reserved 1048576K
}
Event: 6839.521 GC heap before
{Heap before GC invocations=32 (full 4):
 PSYoungGen      total 393216K, used 392924K [0x00000000d5580000, 0x00000000f4a80000, 0x0000000100000000)
  eden space 361472K, 100% used [0x00000000d5580000,0x00000000eb680000,0x00000000eb680000)
  from space 31744K, 99% used [0x00000000ebd00000,0x00000000edbb73e8,0x00000000edc00000)
  to   space 75776K, 0% used [0x00000000f0080000,0x00000000f0080000,0x00000000f4a80000)
 ParOldGen       total 708608K, used 75258K [0x0000000080000000, 0x00000000ab400000, 0x00000000d5580000)
  object space 708608K, 10% used [0x0000000080000000,0x000000008497e970,0x00000000ab400000)
 Metaspace       used 108214K, capacity 116342K, committed 116504K, reserved 1150976K
  class space    used 13853K, capacity 15347K, committed 15408K, reserved 1048576K
Event: 6839.530 GC heap after
Heap after GC invocations=32 (full 4):
 PSYoungGen      total 418816K, used 27972K [0x00000000d5580000, 0x00000000f3f00000, 0x0000000100000000)
  eden space 354816K, 0% used [0x00000000d5580000,0x00000000d5580000,0x00000000eb000000)
  from space 64000K, 43% used [0x00000000f0080000,0x00000000f1bd1088,0x00000000f3f00000)
  to   space 73216K, 0% used [0x00000000eb000000,0x00000000eb000000,0x00000000ef780000)
 ParOldGen       total 708608K, used 75266K [0x0000000080000000, 0x00000000ab400000, 0x00000000d5580000)
  object space 708608K, 10% used [0x0000000080000000,0x0000000084980970,0x00000000ab400000)
 Metaspace       used 108214K, capacity 116342K, committed 116504K, reserved 1150976K
  class space    used 13853K, capacity 15347K, committed 15408K, reserved 1048576K
}
Event: 6882.677 GC heap before
{Heap before GC invocations=33 (full 4):
 PSYoungGen      total 418816K, used 382788K [0x00000000d5580000, 0x00000000f3f00000, 0x0000000100000000)
  eden space 354816K, 100% used [0x00000000d5580000,0x00000000eb000000,0x00000000eb000000)
  from space 64000K, 43% used [0x00000000f0080000,0x00000000f1bd1088,0x00000000f3f00000)
  to   space 73216K, 0% used [0x00000000eb000000,0x00000000eb000000,0x00000000ef780000)
 ParOldGen       total 708608K, used 75266K [0x0000000080000000, 0x00000000ab400000, 0x00000000d5580000)
  object space 708608K, 10% used [0x0000000080000000,0x0000000084980970,0x00000000ab400000)
 Metaspace       used 109503K, capacity 119444K, committed 119576K, reserved 1153024K
  class space    used 14121K, capacity 15842K, committed 15920K, reserved 1048576K
Event: 6882.686 GC heap after
Heap after GC invocations=33 (full 4):
 PSYoungGen      total 375296K, used 26736K [0x00000000d5580000, 0x00000000f3480000, 0x0000000100000000)
  eden space 348160K, 0% used [0x00000000d5580000,0x00000000d5580000,0x00000000ea980000)
  from space 27136K, 98% used [0x00000000eb000000,0x00000000eca1c258,0x00000000eca80000)
  to   space 71168K, 0% used [0x00000000eef00000,0x00000000eef00000,0x00000000f3480000)
 ParOldGen       total 708608K, used 75274K [0x0000000080000000, 0x00000000ab400000, 0x00000000d5580000)
  object space 708608K, 10% used [0x0000000080000000,0x0000000084982970,0x00000000ab400000)
 Metaspace       used 109503K, capacity 119444K, committed 119576K, reserved 1153024K
  class space    used 14121K, capacity 15842K, committed 15920K, reserved 1048576K
}

